06-Mar-2018 10:58:42.298 INFOS [main] org.apache.catalina.startup.VersionLoggerListener.log Server version:        Apache Tomcat/8.0.50
06-Mar-2018 10:58:42.299 INFOS [main] org.apache.catalina.startup.VersionLoggerListener.log Server built:          Feb 7 2018 20:06:05 UTC
06-Mar-2018 10:58:42.299 INFOS [main] org.apache.catalina.startup.VersionLoggerListener.log Server number:         8.0.50.0
06-Mar-2018 10:58:42.299 INFOS [main] org.apache.catalina.startup.VersionLoggerListener.log OS Name:               Linux
06-Mar-2018 10:58:42.299 INFOS [main] org.apache.catalina.startup.VersionLoggerListener.log OS Version:            3.16.0-4-amd64
06-Mar-2018 10:58:42.299 INFOS [main] org.apache.catalina.startup.VersionLoggerListener.log Architecture:          amd64
06-Mar-2018 10:58:42.299 INFOS [main] org.apache.catalina.startup.VersionLoggerListener.log Java Home:             /usr/lib/jvm/java-8-openjdk-amd64/jre
06-Mar-2018 10:58:42.299 INFOS [main] org.apache.catalina.startup.VersionLoggerListener.log JVM Version:           1.8.0_111-8u111-b14-2~bpo8+1-b14
06-Mar-2018 10:58:42.299 INFOS [main] org.apache.catalina.startup.VersionLoggerListener.log JVM Vendor:            Oracle Corporation
06-Mar-2018 10:58:42.299 INFOS [main] org.apache.catalina.startup.VersionLoggerListener.log CATALINA_BASE:         /eleves/cchastai/Documents/apache-tomcat-8.0.50
06-Mar-2018 10:58:42.299 INFOS [main] org.apache.catalina.startup.VersionLoggerListener.log CATALINA_HOME:         /eleves/cchastai/Documents/apache-tomcat-8.0.50
06-Mar-2018 10:58:42.299 INFOS [main] org.apache.catalina.startup.VersionLoggerListener.log Command line argument: -Djava.util.logging.config.file=/eleves/cchastai/Documents/apache-tomcat-8.0.50/conf/logging.properties
06-Mar-2018 10:58:42.299 INFOS [main] org.apache.catalina.startup.VersionLoggerListener.log Command line argument: -Djava.util.logging.manager=org.apache.juli.ClassLoaderLogManager
06-Mar-2018 10:58:42.300 INFOS [main] org.apache.catalina.startup.VersionLoggerListener.log Command line argument: -Djdk.tls.ephemeralDHKeySize=2048
06-Mar-2018 10:58:42.300 INFOS [main] org.apache.catalina.startup.VersionLoggerListener.log Command line argument: -Djava.protocol.handler.pkgs=org.apache.catalina.webresources
06-Mar-2018 10:58:42.300 INFOS [main] org.apache.catalina.startup.VersionLoggerListener.log Command line argument: -Dignore.endorsed.dirs=
06-Mar-2018 10:58:42.300 INFOS [main] org.apache.catalina.startup.VersionLoggerListener.log Command line argument: -Dcatalina.base=/eleves/cchastai/Documents/apache-tomcat-8.0.50
06-Mar-2018 10:58:42.300 INFOS [main] org.apache.catalina.startup.VersionLoggerListener.log Command line argument: -Dcatalina.home=/eleves/cchastai/Documents/apache-tomcat-8.0.50
06-Mar-2018 10:58:42.300 INFOS [main] org.apache.catalina.startup.VersionLoggerListener.log Command line argument: -Djava.io.tmpdir=/eleves/cchastai/Documents/apache-tomcat-8.0.50/temp
06-Mar-2018 10:58:42.300 INFOS [main] org.apache.catalina.core.AprLifecycleListener.lifecycleEvent The APR based Apache Tomcat Native library which allows optimal performance in production environments was not found on the java.library.path: /usr/java/packages/lib/amd64:/usr/lib/x86_64-linux-gnu/jni:/lib/x86_64-linux-gnu:/usr/lib/x86_64-linux-gnu:/usr/lib/jni:/lib:/usr/lib
06-Mar-2018 10:58:42.382 INFOS [main] org.apache.coyote.AbstractProtocol.init Initializing ProtocolHandler ["http-nio-8080"]
06-Mar-2018 10:58:42.389 INFOS [main] org.apache.tomcat.util.net.NioSelectorPool.getSharedSelector Using a shared selector for servlet write/read
06-Mar-2018 10:58:42.391 INFOS [main] org.apache.coyote.AbstractProtocol.init Initializing ProtocolHandler ["ajp-nio-8009"]
06-Mar-2018 10:58:42.392 INFOS [main] org.apache.tomcat.util.net.NioSelectorPool.getSharedSelector Using a shared selector for servlet write/read
06-Mar-2018 10:58:42.392 INFOS [main] org.apache.catalina.startup.Catalina.load Initialization processed in 406 ms
06-Mar-2018 10:58:42.407 INFOS [main] org.apache.catalina.core.StandardService.startInternal Démarrage du service Catalina
06-Mar-2018 10:58:42.407 INFOS [main] org.apache.catalina.core.StandardEngine.startInternal Starting Servlet Engine: Apache Tomcat/8.0.50
06-Mar-2018 10:58:42.416 INFOS [localhost-startStop-1] org.apache.catalina.startup.HostConfig.deployDirectory Déploiement du répertoire /eleves/cchastai/Documents/apache-tomcat-8.0.50/webapps/ROOT de l'application web
06-Mar-2018 10:58:42.643 INFOS [localhost-startStop-1] org.apache.catalina.startup.HostConfig.deployDirectory Deployment of web application directory /eleves/cchastai/Documents/apache-tomcat-8.0.50/webapps/ROOT has finished in 226 ms
06-Mar-2018 10:58:42.643 INFOS [localhost-startStop-1] org.apache.catalina.startup.HostConfig.deployDirectory Déploiement du répertoire /eleves/cchastai/Documents/apache-tomcat-8.0.50/webapps/manager de l'application web
06-Mar-2018 10:58:42.672 INFOS [localhost-startStop-1] org.apache.catalina.startup.HostConfig.deployDirectory Deployment of web application directory /eleves/cchastai/Documents/apache-tomcat-8.0.50/webapps/manager has finished in 28 ms
06-Mar-2018 10:58:42.672 INFOS [localhost-startStop-1] org.apache.catalina.startup.HostConfig.deployDirectory Déploiement du répertoire /eleves/cchastai/Documents/apache-tomcat-8.0.50/webapps/examples de l'application web
06-Mar-2018 10:58:42.980 INFOS [localhost-startStop-1] org.apache.catalina.startup.HostConfig.deployDirectory Deployment of web application directory /eleves/cchastai/Documents/apache-tomcat-8.0.50/webapps/examples has finished in 308 ms
06-Mar-2018 10:58:42.980 INFOS [localhost-startStop-1] org.apache.catalina.startup.HostConfig.deployDirectory Déploiement du répertoire /eleves/cchastai/Documents/apache-tomcat-8.0.50/webapps/docs de l'application web
06-Mar-2018 10:58:42.992 INFOS [localhost-startStop-1] org.apache.catalina.startup.HostConfig.deployDirectory Deployment of web application directory /eleves/cchastai/Documents/apache-tomcat-8.0.50/webapps/docs has finished in 12 ms
06-Mar-2018 10:58:42.993 INFOS [localhost-startStop-1] org.apache.catalina.startup.HostConfig.deployDirectory Déploiement du répertoire /eleves/cchastai/Documents/apache-tomcat-8.0.50/webapps/host-manager de l'application web
06-Mar-2018 10:58:43.008 INFOS [localhost-startStop-1] org.apache.catalina.startup.HostConfig.deployDirectory Deployment of web application directory /eleves/cchastai/Documents/apache-tomcat-8.0.50/webapps/host-manager has finished in 15 ms
06-Mar-2018 10:58:43.009 INFOS [main] org.apache.coyote.AbstractProtocol.start Starting ProtocolHandler ["http-nio-8080"]
06-Mar-2018 10:58:43.013 INFOS [main] org.apache.coyote.AbstractProtocol.start Starting ProtocolHandler ["ajp-nio-8009"]
06-Mar-2018 10:58:43.013 INFOS [main] org.apache.catalina.startup.Catalina.start Server startup in 621 ms
06-Mar-2018 11:02:13.119 INFOS [main] org.apache.catalina.core.StandardServer.await A valid shutdown command was received via the shutdown port. Stopping the Server instance.
06-Mar-2018 11:02:13.120 INFOS [main] org.apache.coyote.AbstractProtocol.pause Pausing ProtocolHandler ["http-nio-8080"]
06-Mar-2018 11:02:13.172 INFOS [main] org.apache.coyote.AbstractProtocol.pause Pausing ProtocolHandler ["ajp-nio-8009"]
06-Mar-2018 11:02:13.223 INFOS [main] org.apache.catalina.core.StandardService.stopInternal Arrêt du service Catalina
06-Mar-2018 11:02:13.258 INFOS [main] org.apache.coyote.AbstractProtocol.stop Stopping ProtocolHandler ["http-nio-8080"]
06-Mar-2018 11:02:13.259 INFOS [main] org.apache.coyote.AbstractProtocol.stop Stopping ProtocolHandler ["ajp-nio-8009"]
06-Mar-2018 11:02:13.342 INFOS [main] org.apache.coyote.AbstractProtocol.destroy Destroying ProtocolHandler ["http-nio-8080"]
06-Mar-2018 11:02:13.343 INFOS [main] org.apache.coyote.AbstractProtocol.destroy Destroying ProtocolHandler ["ajp-nio-8009"]
